ISim log file
Running: C:\Users\jgmann\CENG450\register_alu\testbench_isim_beh.exe -intstyle ise -gui -tclbatch isim.cmd -wdb C:/Users/jgmann/CENG450/register_alu/testbench_isim_beh.wdb 
ISim O.87xd (signature 0xc3576ebc)
----------------------------------------------------------------------
INFO:Security:51 - The XILINXD_LICENSE_FILE environment variable is not set.
INFO:Security:52 - The LM_LICENSE_FILE environment variable is set to '2100@licserv.cmc.engr.uvic.ca'.
WARNING:Security:43 - No license file was found in the standard Xilinx license directory.
WARNING:Security:44 - Since no license file was found,
       please run the Xilinx License Configuration Manager
       (xlcm or "Manage Xilinx Licenses")
       to assist in obtaining a license.
WARNING:Security:42 - Your software subscription period has lapsed. Your current version of Xilinx tools will continue to function, but you no longer qualify for Xilinx software updates or new releases.


----------------------------------------------------------------------
This is a Full version of ISim.
Time resolution is 1 ps
# onerror resume
# wave add /
# run 100000 ns
Simulator is doing circuit initialization process.
Finished circuit initialization process.
ERROR: In process alu_file.vhd:53 
 Target Size 16 and source size 32 for array dimension 0 does not match. 

INFO: Simulator is stopped.
