Command line:
   count_mem_isim_beh.exe
     -simmode  gui
     -simrunnum  0
     -socket  50883

Thu Jan 26 13:16:21 2017


 Elaboration Time: 0.0625 sec

 Current Memory Usage: 846.369 Meg

 Total Signals          : 13
 Total Nets             : 19
 Total Signal Drivers   : 3
 Total Blocks           : 6
 Total Primitive Blocks : 5
 Total Processes        : 3
 Total Traceable Variables  : 11
 Total Scalar Nets and Variables : 1421
Total Line Count : 8

 Total Simulation Time: 0.078125 sec

 Current Memory Usage: 846.369 Meg

Thu Jan 26 13:18:34 2017

