
****** PlanAhead v13.4 (64-bit)
  **** Build 157570 by hdbuild on Fri Dec 16 13:06:31 MST 2011
    ** Copyright 1986-1999, 2001-2011 Xilinx, Inc. All Rights Reserved.

INFO: [Common-78] Attempting to get a license: PlanAhead
INFO: [Common-82] Got a license: PlanAhead
INFO: [Common-86] Your PlanAhead license expires in -1517 day(s)
INFO: [Device-25] Loading parts and site information from C:/Xilinx/13.4/ISE_DS/PlanAhead\parts\arch.xmlParsing RTL primitives file [C:/Xilinx/13.4/ISE_DS/PlanAhead\parts\xilinx\rtl\prims\rtl_prims.xml]
Finished parsing RTL primitives file [C:/Xilinx/13.4/ISE_DS/PlanAhead\parts\xilinx\rtl\prims\rtl_prims.xml]
start_gui
starting gui ...
source C:/Users/jgmann/CENG450/Count_Mem_VHDL/pa.fromHdl.tcl
# create_project -name Count_Mem_VHDL -dir "C:/Users/jgmann/CENG450/Count_Mem_VHDL/planAhead_run_1" -part xc3s1200efg320-5
Parsing template File [C:/Xilinx/13.4/ISE_DS/ISE\data\projnav\templates\verilog.xml].
Finished parsing template File [C:/Xilinx/13.4/ISE_DS/ISE\data\projnav\templates\verilog.xml].
Parsing template File [C:/Xilinx/13.4/ISE_DS/ISE\data\projnav\templates\vhdl.xml].
Finished parsing template File [C:/Xilinx/13.4/ISE_DS/ISE\data\projnav\templates\vhdl.xml].
Parsing template File [C:/Xilinx/13.4/ISE_DS/ISE\data\projnav\templates\ucf.xml].
Finished parsing template File [C:/Xilinx/13.4/ISE_DS/ISE\data\projnav\templates\ucf.xml].
# set_param project.pinAheadLayout yes
# set srcset [get_property srcset [current_run -impl]]
# set_property target_constrs_file "count_mem_vhdl_pinout.ucf" [current_fileset -constrset]
Adding file 'C:\Users\jgmann\CENG450\Count_Mem_VHDL\count_mem_vhdl_pinout.ucf' to fileset 'constrs_1'
# set hdlfile [add_files [list {ROM_VHDL.vhd}]]
# set_property file_type VHDL $hdlfile
# set_property library work $hdlfile
# set hdlfile [add_files [list {counter.vhd}]]
# set_property file_type VHDL $hdlfile
# set_property library work $hdlfile
# set hdlfile [add_files [list {count_mem_vhdl.vhd}]]
# set_property file_type VHDL $hdlfile
# set_property library work $hdlfile
# set_property top count_mem $srcset
# add_files [list {count_mem_vhdl_pinout.ucf}] -fileset [get_property constrset [current_run]]
# open_rtl_design -part xc3s1200efg320-5
INFO: [PlanAhead-58] Using Verific elaboration
Parsing VHDL file "C:/Xilinx/13.4/ISE_DS/PlanAhead\parts\xilinx\rtl\lib\synplify\synattr.vhd" into library synplify
Parsing VHDL file "C:/Xilinx/13.4/ISE_DS/PlanAhead\parts\xilinx\rtl\lib\synplify\synattr.vhd" into library synplify
Parsing VHDL file "C:\Users\jgmann\CENG450\Count_Mem_VHDL\ROM_VHDL.vhd" into library work
Parsing VHDL file "C:\Users\jgmann\CENG450\Count_Mem_VHDL\counter.vhd" into library work
Parsing VHDL file "C:\Users\jgmann\CENG450\Count_Mem_VHDL\count_mem_vhdl.vhd" into library work
INFO: [PlanAhead-430] Reading macro library C:/Xilinx/13.4/ISE_DS/PlanAhead\./parts/xilinx/spartan3e/spartan3e/hd_int_macros.edn
Parsing EDIF File [C:/Xilinx/13.4/ISE_DS/PlanAhead\./parts/xilinx/spartan3e/spartan3e/hd_int_macros.edn]
Finished Parsing EDIF File [C:/Xilinx/13.4/ISE_DS/PlanAhead\./parts/xilinx/spartan3e/spartan3e/hd_int_macros.edn]
Loading clock regions from C:/Xilinx/13.4/ISE_DS/PlanAhead\parts/xilinx/spartan3e/spartan3e/xc3s1200e/ClockRegion.xml
Loading clock buffers from C:/Xilinx/13.4/ISE_DS/PlanAhead\parts/xilinx/spartan3e/spartan3e/xc3s1200e/ClockBuffers.xml
Loading package from C:/Xilinx/13.4/ISE_DS/PlanAhead\parts/xilinx/spartan3e/spartan3e/xc3s1200e/fg320/Package.xml
Loading io standards from C:/Xilinx/13.4/ISE_DS/PlanAhead\./parts/xilinx/spartan3e/IOStandards.xml
INFO: [Device-19] Loading pkg sso from C:/Xilinx/13.4/ISE_DS/PlanAhead\parts/xilinx/spartan3e/spartan3e/xc3s1200e/fg320/SSORules.xml
Loading list of drcs for the architecture : C:/Xilinx/13.4/ISE_DS/PlanAhead\./parts/xilinx/spartan3e/spartan3e/drc.xml
INFO: [Timing-77] Reading timing library C:/Xilinx/13.4/ISE_DS/PlanAhead\parts/xilinx/spartan3e/spartan3e/spartan3e-5.lib.
INFO: [Timing-34] Done reading timing library C:/Xilinx/13.4/ISE_DS/PlanAhead\parts/xilinx/spartan3e/spartan3e/spartan3e-5.lib.
Parsing UCF File [C:\Users\jgmann\CENG450\Count_Mem_VHDL\count_mem_vhdl_pinout.ucf]
Finished Parsing UCF File [C:\Users\jgmann\CENG450\Count_Mem_VHDL\count_mem_vhdl_pinout.ucf]
INFO: [PlanAhead-566] Unisim Transformation Summary:
No Unisim elements were transformed.exit
stop_gui
INFO: [PlanAhead-261] Exiting PlanAhead...
INFO: [Common-83] Releasing license: PlanAhead
