Release 13.4 - xst O.87xd (nt64)
Copyright (c) 1995-2011 Xilinx, Inc.  All rights reserved.
--> Parameter TMPDIR set to xst/projnav.tmp


Total REAL time to Xst completion: 0.00 secs
Total CPU time to Xst completion: 0.08 secs
 
--> Parameter xsthdpdir set to xst


Total REAL time to Xst completion: 0.00 secs
Total CPU time to Xst completion: 0.08 secs
 
--> Reading design: alu_file.prj

TABLE OF CONTENTS
  1) Synthesis Options Summary
  2) HDL Compilation
  3) Design Hierarchy Analysis
  4) HDL Analysis
  5) HDL Synthesis
     5.1) HDL Synthesis Report
  6) Advanced HDL Synthesis
     6.1) Advanced HDL Synthesis Report
  7) Low Level Synthesis
  8) Partition Report
  9) Final Report
	9.1) Device utilization summary
	9.2) Partition Resource Summary
	9.3) TIMING REPORT


=========================================================================
*                      Synthesis Options Summary                        *
=========================================================================
---- Source Parameters
Input File Name                    : "alu_file.prj"
Input Format                       : mixed
Ignore Synthesis Constraint File   : NO

---- Target Parameters
Output File Name                   : "alu_file"
Output Format                      : NGC
Target Device                      : xc3s1200e-5-fg320

---- Source Options
Top Module Name                    : alu_file
Automatic FSM Extraction           : YES
FSM Encoding Algorithm             : Auto
Safe Implementation                : No
FSM Style                          : LUT
RAM Extraction                     : Yes
RAM Style                          : Auto
ROM Extraction                     : Yes
Mux Style                          : Auto
Decoder Extraction                 : YES
Priority Encoder Extraction        : Yes
Shift Register Extraction          : YES
Logical Shifter Extraction         : YES
XOR Collapsing                     : YES
ROM Style                          : Auto
Mux Extraction                     : Yes
Resource Sharing                   : YES
Asynchronous To Synchronous        : NO
Multiplier Style                   : Auto
Automatic Register Balancing       : No

---- Target Options
Add IO Buffers                     : YES
Global Maximum Fanout              : 500
Add Generic Clock Buffer(BUFG)     : 24
Register Duplication               : YES
Slice Packing                      : YES
Optimize Instantiated Primitives   : NO
Use Clock Enable                   : Yes
Use Synchronous Set                : Yes
Use Synchronous Reset              : Yes
Pack IO Registers into IOBs        : Auto
Equivalent register Removal        : YES

---- General Options
Optimization Goal                  : Speed
Optimization Effort                : 1
Keep Hierarchy                     : No
Netlist Hierarchy                  : As_Optimized
RTL Output                         : Yes
Global Optimization                : AllClockNets
Read Cores                         : YES
Write Timing Constraints           : NO
Cross Clock Analysis               : NO
Hierarchy Separator                : /
Bus Delimiter                      : <>
Case Specifier                     : Maintain
Slice Utilization Ratio            : 100
BRAM Utilization Ratio             : 100
Verilog 2001                       : YES
Auto BRAM Packing                  : NO
Slice Utilization Ratio Delta      : 5

=========================================================================


=========================================================================
*                          HDL Compilation                              *
=========================================================================
Compiling vhdl file "C:/Users/jgmann/CENG450/register_alu/alu_file.vhd" in Library work.
Entity <alu_file> compiled.
Entity <alu_file> (Architecture <behavioral>) compiled.

=========================================================================
*                     Design Hierarchy Analysis                         *
=========================================================================
Analyzing hierarchy for entity <alu_file> in library <work> (architecture <behavioral>).


=========================================================================
*                            HDL Analysis                               *
=========================================================================
Analyzing Entity <alu_file> in library <work> (Architecture <behavioral>).
WARNING:Xst:1610 - "C:/Users/jgmann/CENG450/register_alu/alu_file.vhd" line 53: Width mismatch. <result> has a width of 16 bits but assigned expression is 32-bit wide.
Entity <alu_file> analyzed. Unit <alu_file> generated.


=========================================================================
*                           HDL Synthesis                               *
=========================================================================

Performing bidirectional port resolution...

Synthesizing Unit <alu_file>.
    Related source file is "C:/Users/jgmann/CENG450/register_alu/alu_file.vhd".
WARNING:Xst:647 - Input <clk> is never used. This port will be preserved and left unconnected if it belongs to a top-level block or it belongs to a sub-block and the hierarchy of this sub-block is preserved.
WARNING:Xst:1306 - Output <z_flag> is never assigned.
WARNING:Xst:647 - Input <rst> is never used. This port will be preserved and left unconnected if it belongs to a top-level block or it belongs to a sub-block and the hierarchy of this sub-block is preserved.
WARNING:Xst:1306 - Output <n_flag> is never assigned.
WARNING:Xst:643 - "C:/Users/jgmann/CENG450/register_alu/alu_file.vhd" line 53: The result of a 16x16-bit multiplication is partially used. Only the 16 least significant bits are used. If you are doing this on purpose, you may safely ignore this warning. Otherwise, make sure you are not losing information, leading to unexpected circuit behavior.
WARNING:Xst:737 - Found 16-bit latch for signal <result>. Latches may be generated from incomplete case or if statements. We do not recommend the use of latches in FPGA/CPLD designs, as they may lead to timing problems.
INFO:Xst:2371 - HDL ADVISOR - Logic functions respectively driving the data and gate enable inputs of this latch share common terms. This situation will potentially lead to setup/hold violations and, as a result, to simulation problems. This situation may come from an incomplete case statement (all selector values are not covered). You should carefully review if it was in your intentions to describe such a latch.
    Found 16x16-bit multiplier for signal <result$mult0000> created at line 53.
    Found 16-bit addsub for signal <result$share0000>.
    Summary:
	inferred   1 Adder/Subtractor(s).
	inferred   1 Multiplier(s).
Unit <alu_file> synthesized.

INFO:Xst:1767 - HDL ADVISOR - Resource sharing has identified that some arithmetic operations in this design can share the same physical resources for reduced device utilization. For improved clock frequency you may try to disable resource sharing.

=========================================================================
HDL Synthesis Report

Macro Statistics
# Multipliers                                          : 1
 16x16-bit multiplier                                  : 1
# Adders/Subtractors                                   : 1
 16-bit addsub                                         : 1
# Latches                                              : 1
 16-bit latch                                          : 1

=========================================================================

=========================================================================
*                       Advanced HDL Synthesis                          *
=========================================================================


=========================================================================
Advanced HDL Synthesis Report

Macro Statistics
# Multipliers                                          : 1
 16x16-bit multiplier                                  : 1
# Adders/Subtractors                                   : 1
 16-bit addsub                                         : 1
# Latches                                              : 1
 16-bit latch                                          : 1

=========================================================================

=========================================================================
*                         Low Level Synthesis                           *
=========================================================================

Optimizing unit <alu_file> ...

Mapping all equations...
Building and optimizing final netlist ...
Found area constraint ratio of 100 (+ 5) on block alu_file, actual ratio is 0.

Final Macro Processing ...

=========================================================================
Final Register Report

Found no macro
=========================================================================

=========================================================================
*                           Partition Report                            *
=========================================================================

Partition Implementation Status
-------------------------------

  No Partitions were found in this design.

-------------------------------

=========================================================================
*                            Final Report                               *
=========================================================================
Final Results
RTL Top Level Output File Name     : alu_file.ngr
Top Level Output File Name         : alu_file
Output Format                      : NGC
Optimization Goal                  : Speed
Keep Hierarchy                     : No

Design Statistics
# IOs                              : 55

Cell Usage :
# BELS                             : 98
#      GND                         : 1
#      LUT3                        : 18
#      LUT4                        : 32
#      MUXCY                       : 15
#      MUXF5                       : 16
#      XORCY                       : 16
# FlipFlops/Latches                : 16
#      LD                          : 16
# IO Buffers                       : 51
#      IBUF                        : 35
#      OBUF                        : 16
# MULTs                            : 1
#      MULT18X18SIO                : 1
=========================================================================

Device utilization summary:
---------------------------

Selected Device : 3s1200efg320-5 

 Number of Slices:                       25  out of   8672     0%  
 Number of 4 input LUTs:                 50  out of  17344     0%  
 Number of IOs:                          55
 Number of bonded IOBs:                  51  out of    250    20%  
    IOB Flip Flops:                      16
 Number of MULT18X18SIOs:                 1  out of     28     3%  

---------------------------
Partition Resource Summary:
---------------------------

  No Partitions were found in this design.

---------------------------


=========================================================================
TIMING REPORT

NOTE: THESE TIMING NUMBERS ARE ONLY A SYNTHESIS ESTIMATE.
      FOR ACCURATE TIMING INFORMATION PLEASE REFER TO THE TRACE REPORT
      GENERATED AFTER PLACE-and-ROUTE.

Clock Information:
------------------
-----------------------------------+------------------------+-------+
Clock Signal                       | Clock buffer(FF name)  | Load  |
-----------------------------------+------------------------+-------+
result_not0001(result_not00011:O)  | NONE(*)(result_0)      | 16    |
-----------------------------------+------------------------+-------+
(*) This 1 clock signal(s) are generated by combinatorial logic,
and XST is not able to identify which are the primary clock signals.
Please use the CLOCK_SIGNAL constraint to specify the clock signal(s) generated by combinatorial logic.
INFO:Xst:2169 - HDL ADVISOR - Some clock signals were not automatically buffered by XST with BUFG/BUFR resources. Please use the buffer_type constraint in order to insert these buffers to the clock signals to help prevent skew problems.

Asynchronous Control Signals Information:
----------------------------------------
No asynchronous control signals found in this design

Timing Summary:
---------------
Speed Grade: -5

   Minimum period: No path found
   Minimum input arrival time before clock: 7.887ns
   Maximum output required time after clock: 4.114ns
   Maximum combinational path delay: No path found

Timing Detail:
--------------
All values displayed in nanoseconds (ns)

=========================================================================
Timing constraint: Default OFFSET IN BEFORE for Clock 'result_not0001'
  Total number of paths / destination ports: 1232 / 16
-------------------------------------------------------------------------
Offset:              7.887ns (Levels of Logic = 21)
  Source:            alu_mode<0> (PAD)
  Destination:       result_15 (LATCH)
  Destination Clock: result_not0001 falling

  Data Path: alu_mode<0> to result_15
                                Gate     Net
    Cell:in->out      fanout   Delay   Delay  Logical Name (Net Name)
    ----------------------------------------  ------------
     IBUF:I->O            34   1.106   1.142  alu_mode_0_IBUF (alu_mode_0_IBUF)
     LUT3:I1->O           17   0.612   0.923  result_mux00002 (result_mux0000)
     LUT3:I2->O            1   0.612   0.000  Maddsub_result_share0000_lut<0> (Maddsub_result_share0000_lut<0>)
     MUXCY:S->O            1   0.404   0.000  Maddsub_result_share0000_cy<0> (Maddsub_result_share0000_cy<0>)
     MUXCY:CI->O           1   0.052   0.000  Maddsub_result_share0000_cy<1> (Maddsub_result_share0000_cy<1>)
     MUXCY:CI->O           1   0.052   0.000  Maddsub_result_share0000_cy<2> (Maddsub_result_share0000_cy<2>)
     MUXCY:CI->O           1   0.052   0.000  Maddsub_result_share0000_cy<3> (Maddsub_result_share0000_cy<3>)
     MUXCY:CI->O           1   0.052   0.000  Maddsub_result_share0000_cy<4> (Maddsub_result_share0000_cy<4>)
     MUXCY:CI->O           1   0.052   0.000  Maddsub_result_share0000_cy<5> (Maddsub_result_share0000_cy<5>)
     MUXCY:CI->O           1   0.052   0.000  Maddsub_result_share0000_cy<6> (Maddsub_result_share0000_cy<6>)
     MUXCY:CI->O           1   0.052   0.000  Maddsub_result_share0000_cy<7> (Maddsub_result_share0000_cy<7>)
     MUXCY:CI->O           1   0.052   0.000  Maddsub_result_share0000_cy<8> (Maddsub_result_share0000_cy<8>)
     MUXCY:CI->O           1   0.052   0.000  Maddsub_result_share0000_cy<9> (Maddsub_result_share0000_cy<9>)
     MUXCY:CI->O           1   0.052   0.000  Maddsub_result_share0000_cy<10> (Maddsub_result_share0000_cy<10>)
     MUXCY:CI->O           1   0.052   0.000  Maddsub_result_share0000_cy<11> (Maddsub_result_share0000_cy<11>)
     MUXCY:CI->O           1   0.052   0.000  Maddsub_result_share0000_cy<12> (Maddsub_result_share0000_cy<12>)
     MUXCY:CI->O           1   0.052   0.000  Maddsub_result_share0000_cy<13> (Maddsub_result_share0000_cy<13>)
     MUXCY:CI->O           0   0.052   0.000  Maddsub_result_share0000_cy<14> (Maddsub_result_share0000_cy<14>)
     XORCY:CI->O           1   0.699   0.509  Maddsub_result_share0000_xor<15> (result_share0000<15>)
     LUT4:I0->O            1   0.612   0.000  result_mux0001<15>15_F (N83)
     MUXF5:I0->O           1   0.278   0.000  result_mux0001<15>15 (result_mux0001<15>)
     LD:D                      0.268          result_15
    ----------------------------------------
    Total                      7.887ns (5.312ns logic, 2.575ns route)
                                       (67.4% logic, 32.6% route)

=========================================================================
Timing constraint: Default OFFSET OUT AFTER for Clock 'result_not0001'
  Total number of paths / destination ports: 16 / 16
-------------------------------------------------------------------------
Offset:              4.114ns (Levels of Logic = 1)
  Source:            result_15 (LATCH)
  Destination:       result<15> (PAD)
  Source Clock:      result_not0001 falling

  Data Path: result_15 to result<15>
                                Gate     Net
    Cell:in->out      fanout   Delay   Delay  Logical Name (Net Name)
    ----------------------------------------  ------------
     LD:G->Q               1   0.588   0.357  result_15 (result_15)
     OBUF:I->O                 3.169          result_15_OBUF (result<15>)
    ----------------------------------------
    Total                      4.114ns (3.757ns logic, 0.357ns route)
                                       (91.3% logic, 8.7% route)

=========================================================================


Total REAL time to Xst completion: 3.00 secs
Total CPU time to Xst completion: 3.34 secs
 
--> 

Total memory usage is 269032 kilobytes

Number of errors   :    0 (   0 filtered)
Number of warnings :    7 (   0 filtered)
Number of infos    :    3 (   0 filtered)

