Command line:
   processor_tb_isim_beh.exe
     -simmode  gui
     -simrunnum  0
     -socket  51476

Tue Feb 21 17:08:16 2017


 Elaboration Time: 0.078 sec

 Current Memory Usage: 824.963 Meg

 Total Signals          : 72
 Total Nets             : 264
 Total Signal Drivers   : 20
 Total Blocks           : 12
 Total Primitive Blocks : 8
 Total Processes        : 11
 Total Traceable Variables  : 17
 Total Scalar Nets and Variables : 2814
In process alu_file.vhd:53 
 Target Size 16 and source size 32 for array dimension 0 does not match. 


 Total Simulation Time: 0.234001 sec

 Current Memory Usage: 824.963 Meg

Tue Feb 21 17:10:34 2017

