Release 13.4 - xst O.87xd (nt64)
Copyright (c) 1995-2011 Xilinx, Inc.  All rights reserved.
--> Parameter TMPDIR set to xst/projnav.tmp


Total REAL time to Xst completion: 0.00 secs
Total CPU time to Xst completion: 0.09 secs
 
--> Parameter xsthdpdir set to xst


Total REAL time to Xst completion: 0.00 secs
Total CPU time to Xst completion: 0.09 secs
 
--> Reading design: count_mem.prj

TABLE OF CONTENTS
  1) Synthesis Options Summary
  2) HDL Compilation
  3) Design Hierarchy Analysis
  4) HDL Analysis
  5) HDL Synthesis
     5.1) HDL Synthesis Report
  6) Advanced HDL Synthesis
     6.1) Advanced HDL Synthesis Report
  7) Low Level Synthesis
  8) Partition Report
  9) Final Report
	9.1) Device utilization summary
	9.2) Partition Resource Summary
	9.3) TIMING REPORT


=========================================================================
*                      Synthesis Options Summary                        *
=========================================================================
---- Source Parameters
Input File Name                    : "count_mem.prj"
Input Format                       : mixed
Ignore Synthesis Constraint File   : NO

---- Target Parameters
Output File Name                   : "count_mem"
Output Format                      : NGC
Target Device                      : xc3s1200e-5-fg320

---- Source Options
Top Module Name                    : count_mem
Automatic FSM Extraction           : YES
FSM Encoding Algorithm             : Auto
Safe Implementation                : No
FSM Style                          : LUT
RAM Extraction                     : Yes
RAM Style                          : Auto
ROM Extraction                     : Yes
Mux Style                          : Auto
Decoder Extraction                 : YES
Priority Encoder Extraction        : Yes
Shift Register Extraction          : YES
Logical Shifter Extraction         : YES
XOR Collapsing                     : YES
ROM Style                          : Auto
Mux Extraction                     : Yes
Resource Sharing                   : YES
Asynchronous To Synchronous        : NO
Multiplier Style                   : Auto
Automatic Register Balancing       : No

---- Target Options
Add IO Buffers                     : YES
Global Maximum Fanout              : 500
Add Generic Clock Buffer(BUFG)     : 24
Register Duplication               : YES
Slice Packing                      : YES
Optimize Instantiated Primitives   : NO
Use Clock Enable                   : Yes
Use Synchronous Set                : Yes
Use Synchronous Reset              : Yes
Pack IO Registers into IOBs        : Auto
Equivalent register Removal        : YES

---- General Options
Optimization Goal                  : Speed
Optimization Effort                : 1
Keep Hierarchy                     : No
Netlist Hierarchy                  : As_Optimized
RTL Output                         : Yes
Global Optimization                : AllClockNets
Read Cores                         : YES
Write Timing Constraints           : NO
Cross Clock Analysis               : NO
Hierarchy Separator                : /
Bus Delimiter                      : <>
Case Specifier                     : Maintain
Slice Utilization Ratio            : 100
BRAM Utilization Ratio             : 100
Verilog 2001                       : YES
Auto BRAM Packing                  : NO
Slice Utilization Ratio Delta      : 5

=========================================================================


=========================================================================
*                          HDL Compilation                              *
=========================================================================
WARNING:HDLParsers:3607 - Unit work/counter is now defined in a different file.  It was defined in "C:/Users/jgmann/CENG450/Count_Mem_VHDL/counter.vhd", and is now defined in "C:/Users/jgmann/CENG450/Count_Mem_VHDL/counter_non_syn.vhd".
WARNING:HDLParsers:3607 - Unit work/counter/behv is now defined in a different file.  It was defined in "C:/Users/jgmann/CENG450/Count_Mem_VHDL/counter.vhd", and is now defined in "C:/Users/jgmann/CENG450/Count_Mem_VHDL/counter_non_syn.vhd".
Compiling vhdl file "C:/Users/jgmann/CENG450/Count_Mem_VHDL/counter_non_syn.vhd" in Library work.
Entity <counter> compiled.
Entity <counter> (Architecture <behv>) compiled.
Compiling vhdl file "C:/Users/jgmann/CENG450/Count_Mem_VHDL/ROM_VHDL.vhd" in Library work.
Architecture bhv of Entity rom_vhdl is up to date.
Compiling vhdl file "C:/Users/jgmann/CENG450/Count_Mem_VHDL/count_mem_vhdl.vhd" in Library work.
Architecture behavioral of Entity count_mem is up to date.

=========================================================================
*                     Design Hierarchy Analysis                         *
=========================================================================
Analyzing hierarchy for entity <count_mem> in library <work> (architecture <behavioral>).

Analyzing hierarchy for entity <counter> in library <work> (architecture <behv>) with generics.
	n = 7

Analyzing hierarchy for entity <ROM_VHDL> in library <work> (architecture <bhv>).


=========================================================================
*                            HDL Analysis                               *
=========================================================================
Analyzing Entity <count_mem> in library <work> (Architecture <behavioral>).
Entity <count_mem> analyzed. Unit <count_mem> generated.

Analyzing generic Entity <counter> in library <work> (Architecture <behv>).
	n = 7
ERROR:Xst:841 - "C:/Users/jgmann/CENG450/Count_Mem_VHDL/counter_non_syn.vhd" line 27: Bad condition in wait statement, or only one clock per process.
--> 

Total memory usage is 246696 kilobytes

Number of errors   :    1 (   0 filtered)
Number of warnings :    2 (   0 filtered)
Number of infos    :    0 (   0 filtered)

