Release 13.4 - xst O.87xd (nt64)
Copyright (c) 1995-2011 Xilinx, Inc.  All rights reserved.
--> Parameter TMPDIR set to xst/projnav.tmp


Total REAL time to Xst completion: 0.00 secs
Total CPU time to Xst completion: 0.09 secs
 
--> Parameter xsthdpdir set to xst


Total REAL time to Xst completion: 0.00 secs
Total CPU time to Xst completion: 0.09 secs
 
--> Reading design: count_mem.prj

TABLE OF CONTENTS
  1) Synthesis Options Summary
  2) HDL Compilation
  3) Design Hierarchy Analysis
  4) HDL Analysis
  5) HDL Synthesis
     5.1) HDL Synthesis Report
  6) Advanced HDL Synthesis
     6.1) Advanced HDL Synthesis Report
  7) Low Level Synthesis
  8) Partition Report
  9) Final Report
	9.1) Device utilization summary
	9.2) Partition Resource Summary
	9.3) TIMING REPORT


=========================================================================
*                      Synthesis Options Summary                        *
=========================================================================
---- Source Parameters
Input File Name                    : "count_mem.prj"
Input Format                       : mixed
Ignore Synthesis Constraint File   : NO

---- Target Parameters
Output File Name                   : "count_mem"
Output Format                      : NGC
Target Device                      : xc3s1200e-5-fg320

---- Source Options
Top Module Name                    : count_mem
Automatic FSM Extraction           : YES
FSM Encoding Algorithm             : Auto
Safe Implementation                : No
FSM Style                          : LUT
RAM Extraction                     : Yes
RAM Style                          : Auto
ROM Extraction                     : Yes
Mux Style                          : Auto
Decoder Extraction                 : YES
Priority Encoder Extraction        : Yes
Shift Register Extraction          : YES
Logical Shifter Extraction         : YES
XOR Collapsing                     : YES
ROM Style                          : Auto
Mux Extraction                     : Yes
Resource Sharing                   : YES
Asynchronous To Synchronous        : NO
Multiplier Style                   : Auto
Automatic Register Balancing       : No

---- Target Options
Add IO Buffers                     : YES
Global Maximum Fanout              : 500
Add Generic Clock Buffer(BUFG)     : 24
Register Duplication               : YES
Slice Packing                      : YES
Optimize Instantiated Primitives   : NO
Use Clock Enable                   : Yes
Use Synchronous Set                : Yes
Use Synchronous Reset              : Yes
Pack IO Registers into IOBs        : Auto
Equivalent register Removal        : YES

---- General Options
Optimization Goal                  : Speed
Optimization Effort                : 1
Keep Hierarchy                     : No
Netlist Hierarchy                  : As_Optimized
RTL Output                         : Yes
Global Optimization                : AllClockNets
Read Cores                         : YES
Write Timing Constraints           : NO
Cross Clock Analysis               : NO
Hierarchy Separator                : /
Bus Delimiter                      : <>
Case Specifier                     : Maintain
Slice Utilization Ratio            : 100
BRAM Utilization Ratio             : 100
Verilog 2001                       : YES
Auto BRAM Packing                  : NO
Slice Utilization Ratio Delta      : 5

=========================================================================


=========================================================================
*                          HDL Compilation                              *
=========================================================================
Compiling vhdl file "C:/Users/jgmann/CENG450/count_mem_sch/Memory.vhd" in Library work.
Package <prog_mem> compiled.
Entity <Memory> compiled.
Entity <Memory> (Architecture <CFG>) compiled.
Compiling vhdl file "C:/Users/jgmann/CENG450/count_mem_sch/count_mem.vhf" in Library work.
Entity <OBUF8_MXILINX_count_mem> compiled.
Entity <OBUF8_MXILINX_count_mem> (Architecture <BEHAVIORAL>) compiled.
Entity <FTRSE_MXILINX_count_mem> compiled.
Entity <FTRSE_MXILINX_count_mem> (Architecture <BEHAVIORAL>) compiled.
Entity <CB8RE_MXILINX_count_mem> compiled.
Entity <CB8RE_MXILINX_count_mem> (Architecture <BEHAVIORAL>) compiled.
Entity <count_mem> compiled.
Entity <count_mem> (Architecture <BEHAVIORAL>) compiled.

=========================================================================
*                     Design Hierarchy Analysis                         *
=========================================================================
Analyzing hierarchy for entity <count_mem> in library <work> (architecture <BEHAVIORAL>).

Analyzing hierarchy for entity <CB8RE_MXILINX_count_mem> in library <work> (architecture <BEHAVIORAL>).

Analyzing hierarchy for entity <Memory> in library <work> (architecture <CFG>).

Analyzing hierarchy for entity <OBUF8_MXILINX_count_mem> in library <work> (architecture <BEHAVIORAL>).

Analyzing hierarchy for entity <FTRSE_MXILINX_count_mem> in library <work> (architecture <BEHAVIORAL>) with generics.
	INIT = '0'


=========================================================================
*                            HDL Analysis                               *
=========================================================================
Analyzing Entity <count_mem> in library <work> (Architecture <BEHAVIORAL>).
WARNING:Xst:753 - "C:/Users/jgmann/CENG450/count_mem_sch/count_mem.vhf" line 440: Unconnected output port 'CEO' of component 'CB8RE_MXILINX_count_mem'.
WARNING:Xst:753 - "C:/Users/jgmann/CENG450/count_mem_sch/count_mem.vhf" line 440: Unconnected output port 'TC' of component 'CB8RE_MXILINX_count_mem'.
    Set user-defined property "HU_SET =  XLXI_1_8" for instance <XLXI_1> in unit <count_mem>.
    Set user-defined property "IBUF_DELAY_VALUE =  0" for instance <XLXI_2> in unit <count_mem>.
    Set user-defined property "IOSTANDARD =  DEFAULT" for instance <XLXI_2> in unit <count_mem>.
    Set user-defined property "IBUF_DELAY_VALUE =  0" for instance <XLXI_3> in unit <count_mem>.
    Set user-defined property "IFD_DELAY_VALUE =  AUTO" for instance <XLXI_3> in unit <count_mem>.
    Set user-defined property "IOSTANDARD =  DEFAULT" for instance <XLXI_3> in unit <count_mem>.
    Set user-defined property "IBUF_DELAY_VALUE =  0" for instance <XLXI_4> in unit <count_mem>.
    Set user-defined property "IFD_DELAY_VALUE =  AUTO" for instance <XLXI_4> in unit <count_mem>.
    Set user-defined property "IOSTANDARD =  DEFAULT" for instance <XLXI_4> in unit <count_mem>.
    Set user-defined property "HU_SET =  XLXI_7_9" for instance <XLXI_7> in unit <count_mem>.
Entity <count_mem> analyzed. Unit <count_mem> generated.

Analyzing Entity <CB8RE_MXILINX_count_mem> in library <work> (Architecture <BEHAVIORAL>).
    Set user-defined property "HU_SET =  I_Q0_7" for instance <I_Q0> in unit <CB8RE_MXILINX_count_mem>.
    Set user-defined property "HU_SET =  I_Q1_6" for instance <I_Q1> in unit <CB8RE_MXILINX_count_mem>.
    Set user-defined property "HU_SET =  I_Q2_5" for instance <I_Q2> in unit <CB8RE_MXILINX_count_mem>.
    Set user-defined property "HU_SET =  I_Q3_4" for instance <I_Q3> in unit <CB8RE_MXILINX_count_mem>.
    Set user-defined property "HU_SET =  I_Q4_3" for instance <I_Q4> in unit <CB8RE_MXILINX_count_mem>.
    Set user-defined property "HU_SET =  I_Q5_2" for instance <I_Q5> in unit <CB8RE_MXILINX_count_mem>.
    Set user-defined property "HU_SET =  I_Q6_1" for instance <I_Q6> in unit <CB8RE_MXILINX_count_mem>.
    Set user-defined property "HU_SET =  I_Q7_0" for instance <I_Q7> in unit <CB8RE_MXILINX_count_mem>.
Entity <CB8RE_MXILINX_count_mem> analyzed. Unit <CB8RE_MXILINX_count_mem> generated.

Analyzing generic Entity <FTRSE_MXILINX_count_mem> in library <work> (Architecture <BEHAVIORAL>).
	INIT = '0'
    Set user-defined property "INIT =  0" for instance <I_36_35> in unit <FTRSE_MXILINX_count_mem>.
    Set user-defined property "RLOC =  X0Y0" for instance <I_36_35> in unit <FTRSE_MXILINX_count_mem>.
Entity <FTRSE_MXILINX_count_mem> analyzed. Unit <FTRSE_MXILINX_count_mem> generated.

Analyzing Entity <Memory> in library <work> (Architecture <CFG>).
Entity <Memory> analyzed. Unit <Memory> generated.

Analyzing Entity <OBUF8_MXILINX_count_mem> in library <work> (Architecture <BEHAVIORAL>).
    Set user-defined property "DRIVE =  12" for instance <I_36_30> in unit <OBUF8_MXILINX_count_mem>.
    Set user-defined property "IOSTANDARD =  DEFAULT" for instance <I_36_30> in unit <OBUF8_MXILINX_count_mem>.
    Set user-defined property "SLEW =  SLOW" for instance <I_36_30> in unit <OBUF8_MXILINX_count_mem>.
    Set user-defined property "DRIVE =  12" for instance <I_36_31> in unit <OBUF8_MXILINX_count_mem>.
    Set user-defined property "IOSTANDARD =  DEFAULT" for instance <I_36_31> in unit <OBUF8_MXILINX_count_mem>.
    Set user-defined property "SLEW =  SLOW" for instance <I_36_31> in unit <OBUF8_MXILINX_count_mem>.
    Set user-defined property "DRIVE =  12" for instance <I_36_32> in unit <OBUF8_MXILINX_count_mem>.
    Set user-defined property "IOSTANDARD =  DEFAULT" for instance <I_36_32> in unit <OBUF8_MXILINX_count_mem>.
    Set user-defined property "SLEW =  SLOW" for instance <I_36_32> in unit <OBUF8_MXILINX_count_mem>.
    Set user-defined property "DRIVE =  12" for instance <I_36_33> in unit <OBUF8_MXILINX_count_mem>.
    Set user-defined property "IOSTANDARD =  DEFAULT" for instance <I_36_33> in unit <OBUF8_MXILINX_count_mem>.
    Set user-defined property "SLEW =  SLOW" for instance <I_36_33> in unit <OBUF8_MXILINX_count_mem>.
    Set user-defined property "DRIVE =  12" for instance <I_36_34> in unit <OBUF8_MXILINX_count_mem>.
    Set user-defined property "IOSTANDARD =  DEFAULT" for instance <I_36_34> in unit <OBUF8_MXILINX_count_mem>.
    Set user-defined property "SLEW =  SLOW" for instance <I_36_34> in unit <OBUF8_MXILINX_count_mem>.
    Set user-defined property "DRIVE =  12" for instance <I_36_35> in unit <OBUF8_MXILINX_count_mem>.
    Set user-defined property "IOSTANDARD =  DEFAULT" for instance <I_36_35> in unit <OBUF8_MXILINX_count_mem>.
    Set user-defined property "SLEW =  SLOW" for instance <I_36_35> in unit <OBUF8_MXILINX_count_mem>.
    Set user-defined property "DRIVE =  12" for instance <I_36_36> in unit <OBUF8_MXILINX_count_mem>.
    Set user-defined property "IOSTANDARD =  DEFAULT" for instance <I_36_36> in unit <OBUF8_MXILINX_count_mem>.
    Set user-defined property "SLEW =  SLOW" for instance <I_36_36> in unit <OBUF8_MXILINX_count_mem>.
    Set user-defined property "DRIVE =  12" for instance <I_36_37> in unit <OBUF8_MXILINX_count_mem>.
    Set user-defined property "IOSTANDARD =  DEFAULT" for instance <I_36_37> in unit <OBUF8_MXILINX_count_mem>.
    Set user-defined property "SLEW =  SLOW" for instance <I_36_37> in unit <OBUF8_MXILINX_count_mem>.
Entity <OBUF8_MXILINX_count_mem> analyzed. Unit <OBUF8_MXILINX_count_mem> generated.


=========================================================================
*                           HDL Synthesis                               *
=========================================================================

Performing bidirectional port resolution...

Synthesizing Unit <Memory>.
    Related source file is "C:/Users/jgmann/CENG450/count_mem_sch/Memory.vhd".
    Found 256x8-bit ROM for signal <dout$rom0000> created at line 205.
    Summary:
	inferred   1 ROM(s).
Unit <Memory> synthesized.


Synthesizing Unit <OBUF8_MXILINX_count_mem>.
    Related source file is "C:/Users/jgmann/CENG450/count_mem_sch/count_mem.vhf".
Unit <OBUF8_MXILINX_count_mem> synthesized.


Synthesizing Unit <FTRSE_MXILINX_count_mem>.
    Related source file is "C:/Users/jgmann/CENG450/count_mem_sch/count_mem.vhf".
Unit <FTRSE_MXILINX_count_mem> synthesized.


Synthesizing Unit <CB8RE_MXILINX_count_mem>.
    Related source file is "C:/Users/jgmann/CENG450/count_mem_sch/count_mem.vhf".
Unit <CB8RE_MXILINX_count_mem> synthesized.


Synthesizing Unit <count_mem>.
    Related source file is "C:/Users/jgmann/CENG450/count_mem_sch/count_mem.vhf".
Unit <count_mem> synthesized.


=========================================================================
HDL Synthesis Report

Macro Statistics
# ROMs                                                 : 1
 256x8-bit ROM                                         : 1

=========================================================================

=========================================================================
*                       Advanced HDL Synthesis                          *
=========================================================================


=========================================================================
Advanced HDL Synthesis Report

Macro Statistics
# ROMs                                                 : 1
 256x8-bit ROM                                         : 1
# Registers                                            : 8
 Flip-Flops                                            : 8

=========================================================================

=========================================================================
*                         Low Level Synthesis                           *
=========================================================================

Optimizing unit <count_mem> ...

Optimizing unit <OBUF8_MXILINX_count_mem> ...

Optimizing unit <FTRSE_MXILINX_count_mem> ...

Optimizing unit <CB8RE_MXILINX_count_mem> ...

Mapping all equations...
Building and optimizing final netlist ...
Found area constraint ratio of 100 (+ 5) on block count_mem, actual ratio is 0.

Final Macro Processing ...

=========================================================================
Final Register Report

Macro Statistics
# Registers                                            : 8
 Flip-Flops                                            : 8

=========================================================================

=========================================================================
*                           Partition Report                            *
=========================================================================

Partition Implementation Status
-------------------------------

  No Partitions were found in this design.

-------------------------------

=========================================================================
*                            Final Report                               *
=========================================================================
Final Results
RTL Top Level Output File Name     : count_mem.ngr
Top Level Output File Name         : count_mem
Output Format                      : NGC
Optimization Goal                  : Speed
Keep Hierarchy                     : No

Design Statistics
# IOs                              : 11

Cell Usage :
# BELS                             : 85
#      AND2                        : 3
#      AND3                        : 2
#      AND4                        : 2
#      AND5                        : 1
#      GND                         : 2
#      LUT2                        : 7
#      LUT3                        : 16
#      LUT4                        : 19
#      MUXF5                       : 8
#      OR2                         : 16
#      VCC                         : 1
#      XOR2                        : 8
# FlipFlops/Latches                : 8
#      FDRE                        : 8
# IO Buffers                       : 11
#      IBUF                        : 2
#      IBUFG                       : 1
#      OBUF                        : 8
=========================================================================

Device utilization summary:
---------------------------

Selected Device : 3s1200efg320-5 

 Number of Slices:                       21  out of   8672     0%  
 Number of Slice Flip Flops:              8  out of  17344     0%  
 Number of 4 input LUTs:                 42  out of  17344     0%  
 Number of IOs:                          11
 Number of bonded IOBs:                  11  out of    250     4%  

---------------------------
Partition Resource Summary:
---------------------------

  No Partitions were found in this design.

---------------------------


=========================================================================
TIMING REPORT

NOTE: THESE TIMING NUMBERS ARE ONLY A SYNTHESIS ESTIMATE.
      FOR ACCURATE TIMING INFORMATION PLEASE REFER TO THE TRACE REPORT
      GENERATED AFTER PLACE-and-ROUTE.

Clock Information:
------------------
-----------------------------------+------------------------+-------+
Clock Signal                       | Clock buffer(FF name)  | Load  |
-----------------------------------+------------------------+-------+
CLK                                | IBUFG                  | 8     |
-----------------------------------+------------------------+-------+

Asynchronous Control Signals Information:
----------------------------------------
No asynchronous control signals found in this design

Timing Summary:
---------------
Speed Grade: -5

   Minimum period: 5.910ns (Maximum Frequency: 169.203MHz)
   Minimum input arrival time before clock: 3.255ns
   Maximum output required time after clock: 8.245ns
   Maximum combinational path delay: No path found

Timing Detail:
--------------
All values displayed in nanoseconds (ns)

=========================================================================
Timing constraint: Default period analysis for Clock 'CLK'
  Clock period: 5.910ns (frequency: 169.203MHz)
  Total number of paths / destination ports: 36 / 8
-------------------------------------------------------------------------
Delay:               5.910ns (Levels of Logic = 5)
  Source:            XLXI_1/I_Q2/I_36_35 (FF)
  Destination:       XLXI_1/I_Q7/I_36_35 (FF)
  Source Clock:      CLK rising
  Destination Clock: CLK rising

  Data Path: XLXI_1/I_Q2/I_36_35 to XLXI_1/I_Q7/I_36_35
                                Gate     Net
    Cell:in->out      fanout   Delay   Delay  Logical Name (Net Name)
    ----------------------------------------  ------------
     FDRE:C->Q            25   0.514   1.071  I_36_35 (Q)
     end scope: 'I_Q2'
     AND4:I1->O            5   0.612   0.538  I_36_23 (T4)
     AND2:I1->O            1   0.612   0.357  I_36_25 (T5)
     begin scope: 'I_Q5'
     XOR2:I0->O            1   0.612   0.357  I_36_32 (TQ)
     OR2:I1->O             1   0.612   0.357  I_36_73 (D_S)
     FDRE:D                    0.268          I_36_35
    ----------------------------------------
    Total                      5.910ns (3.230ns logic, 2.680ns route)
                                       (54.7% logic, 45.3% route)

=========================================================================
Timing constraint: Default OFFSET IN BEFORE for Clock 'CLK'
  Total number of paths / destination ports: 16 / 16
-------------------------------------------------------------------------
Offset:              3.255ns (Levels of Logic = 3)
  Source:            CE (PAD)
  Destination:       XLXI_1/I_Q7/I_36_35 (FF)
  Destination Clock: CLK rising

  Data Path: CE to XLXI_1/I_Q7/I_36_35
                                Gate     Net
    Cell:in->out      fanout   Delay   Delay  Logical Name (Net Name)
    ----------------------------------------  ------------
     IBUF:I->O             9   1.106   0.697  XLXI_3 (XLXN_4)
     begin scope: 'XLXI_1'
     begin scope: 'I_Q7'
     OR2:I0->O             1   0.612   0.357  I_36_77 (CE_S)
     FDRE:CE                   0.483          I_36_35
    ----------------------------------------
    Total                      3.255ns (2.201ns logic, 1.054ns route)
                                       (67.6% logic, 32.4% route)

=========================================================================
Timing constraint: Default OFFSET OUT AFTER for Clock 'CLK'
  Total number of paths / destination ports: 134 / 8
-------------------------------------------------------------------------
Offset:              8.245ns (Levels of Logic = 7)
  Source:            XLXI_1/I_Q3/I_36_35 (FF)
  Destination:       OUT_MEM<6> (PAD)
  Source Clock:      CLK rising

  Data Path: XLXI_1/I_Q3/I_36_35 to OUT_MEM<6>
                                Gate     Net
    Cell:in->out      fanout   Delay   Delay  Logical Name (Net Name)
    ----------------------------------------  ------------
     FDRE:C->Q            24   0.514   1.216  I_36_35 (Q)
     end scope: 'I_Q3'
     end scope: 'XLXI_1'
     LUT3:I0->O            2   0.612   0.449  XLXI_6/Mrom_dout_rom0000322 (XLXI_6/Mrom_dout_rom000032)
     LUT3:I1->O            1   0.612   0.000  XLXI_6/Mrom_dout_rom0000341_6 (XLXI_6/Mrom_dout_rom0000341_6)
     MUXF5:I1->O           1   0.278   0.426  XLXI_6/Mrom_dout_rom0000341_5_f5 (XLXI_6/Mrom_dout_rom0000341_5_f5)
     LUT2:I1->O            1   0.612   0.357  XLXN_8<7>61 (XLXN_9<6>)
     begin scope: 'XLXI_7'
     OBUF:I->O                 3.169          I_36_35 (O<6>)
     end scope: 'XLXI_7'
    ----------------------------------------
    Total                      8.245ns (5.797ns logic, 2.448ns route)
                                       (70.3% logic, 29.7% route)

=========================================================================


Total REAL time to Xst completion: 4.00 secs
Total CPU time to Xst completion: 3.34 secs
 
--> 

Total memory usage is 280232 kilobytes

Number of errors   :    0 (   0 filtered)
Number of warnings :    2 (   0 filtered)
Number of infos    :    0 (   0 filtered)

