Command line:
   count_mem_isim_beh.exe
     -simmode  gui
     -simrunnum  0
     -socket  61581

Thu Jan 26 14:05:24 2017


 Elaboration Time: 0.03125 sec

 Current Memory Usage: 845.824 Meg

 Total Signals          : 13
 Total Nets             : 19
 Total Signal Drivers   : 3
 Total Blocks           : 6
 Total Primitive Blocks : 5
 Total Processes        : 3
 Total Traceable Variables  : 11
 Total Scalar Nets and Variables : 1421
Total Line Count : 8

 Total Simulation Time: 0.078125 sec

 Current Memory Usage: 1160.4 Meg

Thu Jan 26 14:06:01 2017

