Command line:
   count_mem_tb_verilog_v_isim_beh.exe
     -simmode  gui
     -simrunnum  0
     -socket  51276

Thu Jan 26 13:53:03 2017


 Elaboration Time: 0.03125 sec

 Current Memory Usage: 845.84 Meg

 Total Signals          : 27
 Total Nets             : 40
 Total Signal Drivers   : 12
 Total Blocks           : 8
 Total Primitive Blocks : 6
 Total Processes        : 15
 Total Traceable Variables  : 32
 Total Scalar Nets and Variables : 1525
Total Line Count : 35

 Total Simulation Time: 0.375 sec

 Current Memory Usage: 688.554 Meg

Thu Jan 26 13:58:32 2017

